[2025-08-01 01:28:37] local.ERROR: View [Hikari.$id] not found. {"exception":"[object] (InvalidArgumentException(code: 0): View [Hikari.$id] not found. at /home/aldebaran/Project/Laravel-Project/Project-002/Belajar04_Laravel/vendor/laravel/framework/src/Illuminate/View/FileViewFinder.php:138)
[stacktrace]
#0 /home/aldebaran/Project/Laravel-Project/Project-002/Belajar04_Laravel/vendor/laravel/framework/src/Illuminate/View/FileViewFinder.php(78): Illuminate\\View\\FileViewFinder->findInPaths()
#1 /home/aldebaran/Project/Laravel-Project/Project-002/Belajar04_Laravel/vendor/laravel/framework/src/Illuminate/View/Factory.php(150): Illuminate\\View\\FileViewFinder->find()
#2 /home/aldebaran/Project/Laravel-Project/Project-002/Belajar04_Laravel/vendor/laravel/framework/src/Illuminate/Foundation/helpers.php(1103): Illuminate\\View\\Factory->make()
#3 /home/aldebaran/Project/Laravel-Project/Project-002/Belajar04_Laravel/routes/web.php(6): view()
#4 /home/aldebaran/Project/Laravel-Project/Project-002/Belajar04_Laravel/vendor/laravel/framework/src/Illuminate/Routing/CallableDispatcher.php(39): Illuminate\\Routing\\RouteFileRegistrar->{closure}()
#5 /home/aldebaran/Project/Laravel-Project/Project-002/Belajar04_Laravel/vendor/laravel/framework/src/Illuminate/Routing/Route.php(243): Illuminate\\Routing\\CallableDispatcher->dispatch()
#6 /home/aldebaran/Project/Laravel-Project/Project-002/Belajar04_Laravel/vendor/laravel/framework/src/Illuminate/Routing/Route.php(214): Illuminate\\Routing\\Route->runCallable()
#7 /home/aldebaran/Project/Laravel-Project/Project-002/Belajar04_Laravel/vendor/laravel/framework/src/Illuminate/Routing/Router.php(808): Illuminate\\Routing\\Route->run()
#8 /home/aldebaran/Project/Laravel-Project/Project-002/Belajar04_Laravel/vendor/laravel/framework/src/Illuminate/Pipeline/Pipeline.php(169): Illuminate\\Routing\\Router->Illuminate\\Routing\\{closure}()
#9 /home/aldebaran/Project/Laravel-Project/Project-002/Belajar04_Laravel/vendor/laravel/framework/src/Illuminate/Routing/Middleware/SubstituteBindings.php(50): Illuminate\\Pipeline\\Pipeline->Illuminate\\Pipeline\\{closure}()
#10 /home/aldebaran/Project/Laravel-Project/Project-002/Belajar04_Laravel/vendor/laravel/framework/src/Illuminate/Pipeline/Pipeline.php(208): Illuminate\\Routing\\Middleware\\SubstituteBindings->handle()
#11 /home/aldebaran/Project/Laravel-Project/Project-002/Belajar04_Laravel/vendor/laravel/framework/src/Illuminate/Foundation/Http/Middleware/VerifyCsrfToken.php(87): Illuminate\\Pipeline\\Pipeline->Illuminate\\Pipeline\\{closure}()
#12 /home/aldebaran/Project/Laravel-Project/Project-002/Belajar04_Laravel/vendor/laravel/framework/src/Illuminate/Pipeline/Pipeline.php(208): Illuminate\\Foundation\\Http\\Middleware\\VerifyCsrfToken->handle()
#13 /home/aldebaran/Project/Laravel-Project/Project-002/Belajar04_Laravel/vendor/laravel/framework/src/Illuminate/View/Middleware/ShareErrorsFromSession.php(48): Illuminate\\Pipeline\\Pipeline->Illuminate\\Pipeline\\{closure}()
#14 /home/aldebaran/Project/Laravel-Project/Project-002/Belajar04_Laravel/vendor/laravel/framework/src/Illuminate/Pipeline/Pipeline.php(208): Illuminate\\View\\Middleware\\ShareErrorsFromSession->handle()
#15 /home/aldebaran/Project/Laravel-Project/Project-002/Belajar04_Laravel/vendor/laravel/framework/src/Illuminate/Session/Middleware/StartSession.php(120): Illuminate\\Pipeline\\Pipeline->Illuminate\\Pipeline\\{closure}()
#16 /home/aldebaran/Project/Laravel-Project/Project-002/Belajar04_Laravel/vendor/laravel/framework/src/Illuminate/Session/Middleware/StartSession.php(63): Illuminate\\Session\\Middleware\\StartSession->handleStatefulRequest()
#17 /home/aldebaran/Project/Laravel-Project/Project-002/Belajar04_Laravel/vendor/laravel/framework/src/Illuminate/Pipeline/Pipeline.php(208): Illuminate\\Session\\Middleware\\StartSession->handle()
#18 /home/aldebaran/Project/Laravel-Project/Project-002/Belajar04_Laravel/vendor/laravel/framework/src/Illuminate/Cookie/Middleware/AddQueuedCookiesToResponse.php(36): Illuminate\\Pipeline\\Pipeline->Illuminate\\Pipeline\\{closure}()
#19 /home/aldebaran/Project/Laravel-Project/Project-002/Belajar04_Laravel/vendor/laravel/framework/src/Illuminate/Pipeline/Pipeline.php(208): Illuminate\\Cookie\\Middleware\\AddQueuedCookiesToResponse->handle()
#20 /home/aldebaran/Project/Laravel-Project/Project-002/Belajar04_Laravel/vendor/laravel/framework/src/Illuminate/Cookie/Middleware/EncryptCookies.php(74): Illuminate\\Pipeline\\Pipeline->Illuminate\\Pipeline\\{closure}()
#21 /home/aldebaran/Project/Laravel-Project/Project-002/Belajar04_Laravel/vendor/laravel/framework/src/Illuminate/Pipeline/Pipeline.php(208): Illuminate\\Cookie\\Middleware\\EncryptCookies->handle()
#22 /home/aldebaran/Project/Laravel-Project/Project-002/Belajar04_Laravel/vendor/laravel/framework/src/Illuminate/Pipeline/Pipeline.php(126): Illuminate\\Pipeline\\Pipeline->Illuminate\\Pipeline\\{closure}()
#23 /home/aldebaran/Project/Laravel-Project/Project-002/Belajar04_Laravel/vendor/laravel/framework/src/Illuminate/Routing/Router.php(807): Illuminate\\Pipeline\\Pipeline->then()
#24 /home/aldebaran/Project/Laravel-Project/Project-002/Belajar04_Laravel/vendor/laravel/framework/src/Illuminate/Routing/Router.php(786): Illuminate\\Routing\\Router->runRouteWithinStack()
#25 /home/aldebaran/Project/Laravel-Project/Project-002/Belajar04_Laravel/vendor/laravel/framework/src/Illuminate/Routing/Router.php(750): Illuminate\\Routing\\Router->runRoute()
#26 /home/aldebaran/Project/Laravel-Project/Project-002/Belajar04_Laravel/vendor/laravel/framework/src/Illuminate/Routing/Router.php(739): Illuminate\\Routing\\Router->dispatchToRoute()
#27 /home/aldebaran/Project/Laravel-Project/Project-002/Belajar04_Laravel/vendor/laravel/framework/src/Illuminate/Foundation/Http/Kernel.php(200): Illuminate\\Routing\\Router->dispatch()
#28 /home/aldebaran/Project/Laravel-Project/Project-002/Belajar04_Laravel/vendor/laravel/framework/src/Illuminate/Pipeline/Pipeline.php(169): Illuminate\\Foundation\\Http\\Kernel->Illuminate\\Foundation\\Http\\{closure}()
#29 /home/aldebaran/Project/Laravel-Project/Project-002/Belajar04_Laravel/vendor/laravel/framework/src/Illuminate/Foundation/Http/Middleware/TransformsRequest.php(21): Illuminate\\Pipeline\\Pipeline->Illuminate\\Pipeline\\{closure}()
#30 /home/aldebaran/Project/Laravel-Project/Project-002/Belajar04_Laravel/vendor/laravel/framework/src/Illuminate/Foundation/Http/Middleware/ConvertEmptyStringsToNull.php(31): Illuminate\\Foundation\\Http\\Middleware\\TransformsRequest->handle()
#31 /home/aldebaran/Project/Laravel-Project/Project-002/Belajar04_Laravel/vendor/laravel/framework/src/Illuminate/Pipeline/Pipeline.php(208): Illuminate\\Foundation\\Http\\Middleware\\ConvertEmptyStringsToNull->handle()
#32 /home/aldebaran/Project/Laravel-Project/Project-002/Belajar04_Laravel/vendor/laravel/framework/src/Illuminate/Foundation/Http/Middleware/TransformsRequest.php(21): Illuminate\\Pipeline\\Pipeline->Illuminate\\Pipeline\\{closure}()
#33 /home/aldebaran/Project/Laravel-Project/Project-002/Belajar04_Laravel/vendor/laravel/framework/src/Illuminate/Foundation/Http/Middleware/TrimStrings.php(51): Illuminate\\Foundation\\Http\\Middleware\\TransformsRequest->handle()
#34 /home/aldebaran/Project/Laravel-Project/Project-002/Belajar04_Laravel/vendor/laravel/framework/src/Illuminate/Pipeline/Pipeline.php(208): Illuminate\\Foundation\\Http\\Middleware\\TrimStrings->handle()
#35 /home/aldebaran/Project/Laravel-Project/Project-002/Belajar04_Laravel/vendor/laravel/framework/src/Illuminate/Http/Middleware/ValidatePostSize.php(27): Illuminate\\Pipeline\\Pipeline->Illuminate\\Pipeline\\{closure}()
#36 /home/aldebaran/Project/Laravel-Project/Project-002/Belajar04_Laravel/vendor/laravel/framework/src/Illuminate/Pipeline/Pipeline.php(208): Illuminate\\Http\\Middleware\\ValidatePostSize->handle()
#37 /home/aldebaran/Project/Laravel-Project/Project-002/Belajar04_Laravel/vendor/laravel/framework/src/Illuminate/Foundation/Http/Middleware/PreventRequestsDuringMaintenance.php(109): Illuminate\\Pipeline\\Pipeline->Illuminate\\Pipeline\\{closure}()
#38 /home/aldebaran/Project/Laravel-Project/Project-002/Belajar04_Laravel/vendor/laravel/framework/src/Illuminate/Pipeline/Pipeline.php(208): Illuminate\\Foundation\\Http\\Middleware\\PreventRequestsDuringMaintenance->handle()
#39 /home/aldebaran/Project/Laravel-Project/Project-002/Belajar04_Laravel/vendor/laravel/framework/src/Illuminate/Http/Middleware/HandleCors.php(48): Illuminate\\Pipeline\\Pipeline->Illuminate\\Pipeline\\{closure}()
#40 /home/aldebaran/Project/Laravel-Project/Project-002/Belajar04_Laravel/vendor/laravel/framework/src/Illuminate/Pipeline/Pipeline.php(208): Illuminate\\Http\\Middleware\\HandleCors->handle()
#41 /home/aldebaran/Project/Laravel-Project/Project-002/Belajar04_Laravel/vendor/laravel/framework/src/Illuminate/Http/Middleware/TrustProxies.php(58): Illuminate\\Pipeline\\Pipeline->Illuminate\\Pipeline\\{closure}()
#42 /home/aldebaran/Project/Laravel-Project/Project-002/Belajar04_Laravel/vendor/laravel/framework/src/Illuminate/Pipeline/Pipeline.php(208): Illuminate\\Http\\Middleware\\TrustProxies->handle()
#43 /home/aldebaran/Project/Laravel-Project/Project-002/Belajar04_Laravel/vendor/laravel/framework/src/Illuminate/Foundation/Http/Middleware/InvokeDeferredCallbacks.php(22): Illuminate\\Pipeline\\Pipeline->Illuminate\\Pipeline\\{closure}()
#44 /home/aldebaran/Project/Laravel-Project/Project-002/Belajar04_Laravel/vendor/laravel/framework/src/Illuminate/Pipeline/Pipeline.php(208): Illuminate\\Foundation\\Http\\Middleware\\InvokeDeferredCallbacks->handle()
#45 /home/aldebaran/Project/Laravel-Project/Project-002/Belajar04_Laravel/vendor/laravel/framework/src/Illuminate/Http/Middleware/ValidatePathEncoding.php(26): Illuminate\\Pipeline\\Pipeline->Illuminate\\Pipeline\\{closure}()
#46 /home/aldebaran/Project/Laravel-Project/Project-002/Belajar04_Laravel/vendor/laravel/framework/src/Illuminate/Pipeline/Pipeline.php(208): Illuminate\\Http\\Middleware\\ValidatePathEncoding->handle()
#47 /home/aldebaran/Project/Laravel-Project/Project-002/Belajar04_Laravel/vendor/laravel/framework/src/Illuminate/Pipeline/Pipeline.php(126): Illuminate\\Pipeline\\Pipeline->Illuminate\\Pipeline\\{closure}()
#48 /home/aldebaran/Project/Laravel-Project/Project-002/Belajar04_Laravel/vendor/laravel/framework/src/Illuminate/Foundation/Http/Kernel.php(175): Illuminate\\Pipeline\\Pipeline->then()
#49 /home/aldebaran/Project/Laravel-Project/Project-002/Belajar04_Laravel/vendor/laravel/framework/src/Illuminate/Foundation/Http/Kernel.php(144): Illuminate\\Foundation\\Http\\Kernel->sendRequestThroughRouter()
#50 /home/aldebaran/Project/Laravel-Project/Project-002/Belajar04_Laravel/vendor/laravel/framework/src/Illuminate/Foundation/Application.php(1219): Illuminate\\Foundation\\Http\\Kernel->handle()
#51 /home/aldebaran/Project/Laravel-Project/Project-002/Belajar04_Laravel/public/index.php(20): Illuminate\\Foundation\\Application->handleRequest()
#52 /home/aldebaran/Project/Laravel-Project/Project-002/Belajar04_Laravel/vendor/laravel/framework/src/Illuminate/Foundation/resources/server.php(23): require_once('...')
#53 {main}
"} 
[2025-08-01 01:29:22] local.ERROR: View [Hikari.$name] not found. {"exception":"[object] (InvalidArgumentException(code: 0): View [Hikari.$name] not found. at /home/aldebaran/Project/Laravel-Project/Project-002/Belajar04_Laravel/vendor/laravel/framework/src/Illuminate/View/FileViewFinder.php:138)
[stacktrace]
#0 /home/aldebaran/Project/Laravel-Project/Project-002/Belajar04_Laravel/vendor/laravel/framework/src/Illuminate/View/FileViewFinder.php(78): Illuminate\\View\\FileViewFinder->findInPaths()
#1 /home/aldebaran/Project/Laravel-Project/Project-002/Belajar04_Laravel/vendor/laravel/framework/src/Illuminate/View/Factory.php(150): Illuminate\\View\\FileViewFinder->find()
#2 /home/aldebaran/Project/Laravel-Project/Project-002/Belajar04_Laravel/vendor/laravel/framework/src/Illuminate/Foundation/helpers.php(1103): Illuminate\\View\\Factory->make()
#3 /home/aldebaran/Project/Laravel-Project/Project-002/Belajar04_Laravel/routes/web.php(6): view()
#4 /home/aldebaran/Project/Laravel-Project/Project-002/Belajar04_Laravel/vendor/laravel/framework/src/Illuminate/Routing/CallableDispatcher.php(39): Illuminate\\Routing\\RouteFileRegistrar->{closure}()
#5 /home/aldebaran/Project/Laravel-Project/Project-002/Belajar04_Laravel/vendor/laravel/framework/src/Illuminate/Routing/Route.php(243): Illuminate\\Routing\\CallableDispatcher->dispatch()
#6 /home/aldebaran/Project/Laravel-Project/Project-002/Belajar04_Laravel/vendor/laravel/framework/src/Illuminate/Routing/Route.php(214): Illuminate\\Routing\\Route->runCallable()
#7 /home/aldebaran/Project/Laravel-Project/Project-002/Belajar04_Laravel/vendor/laravel/framework/src/Illuminate/Routing/Router.php(808): Illuminate\\Routing\\Route->run()
#8 /home/aldebaran/Project/Laravel-Project/Project-002/Belajar04_Laravel/vendor/laravel/framework/src/Illuminate/Pipeline/Pipeline.php(169): Illuminate\\Routing\\Router->Illuminate\\Routing\\{closure}()
#9 /home/aldebaran/Project/Laravel-Project/Project-002/Belajar04_Laravel/vendor/laravel/framework/src/Illuminate/Routing/Middleware/SubstituteBindings.php(50): Illuminate\\Pipeline\\Pipeline->Illuminate\\Pipeline\\{closure}()
#10 /home/aldebaran/Project/Laravel-Project/Project-002/Belajar04_Laravel/vendor/laravel/framework/src/Illuminate/Pipeline/Pipeline.php(208): Illuminate\\Routing\\Middleware\\SubstituteBindings->handle()
#11 /home/aldebaran/Project/Laravel-Project/Project-002/Belajar04_Laravel/vendor/laravel/framework/src/Illuminate/Foundation/Http/Middleware/VerifyCsrfToken.php(87): Illuminate\\Pipeline\\Pipeline->Illuminate\\Pipeline\\{closure}()
#12 /home/aldebaran/Project/Laravel-Project/Project-002/Belajar04_Laravel/vendor/laravel/framework/src/Illuminate/Pipeline/Pipeline.php(208): Illuminate\\Foundation\\Http\\Middleware\\VerifyCsrfToken->handle()
#13 /home/aldebaran/Project/Laravel-Project/Project-002/Belajar04_Laravel/vendor/laravel/framework/src/Illuminate/View/Middleware/ShareErrorsFromSession.php(48): Illuminate\\Pipeline\\Pipeline->Illuminate\\Pipeline\\{closure}()
#14 /home/aldebaran/Project/Laravel-Project/Project-002/Belajar04_Laravel/vendor/laravel/framework/src/Illuminate/Pipeline/Pipeline.php(208): Illuminate\\View\\Middleware\\ShareErrorsFromSession->handle()
#15 /home/aldebaran/Project/Laravel-Project/Project-002/Belajar04_Laravel/vendor/laravel/framework/src/Illuminate/Session/Middleware/StartSession.php(120): Illuminate\\Pipeline\\Pipeline->Illuminate\\Pipeline\\{closure}()
#16 /home/aldebaran/Project/Laravel-Project/Project-002/Belajar04_Laravel/vendor/laravel/framework/src/Illuminate/Session/Middleware/StartSession.php(63): Illuminate\\Session\\Middleware\\StartSession->handleStatefulRequest()
#17 /home/aldebaran/Project/Laravel-Project/Project-002/Belajar04_Laravel/vendor/laravel/framework/src/Illuminate/Pipeline/Pipeline.php(208): Illuminate\\Session\\Middleware\\StartSession->handle()
#18 /home/aldebaran/Project/Laravel-Project/Project-002/Belajar04_Laravel/vendor/laravel/framework/src/Illuminate/Cookie/Middleware/AddQueuedCookiesToResponse.php(36): Illuminate\\Pipeline\\Pipeline->Illuminate\\Pipeline\\{closure}()
#19 /home/aldebaran/Project/Laravel-Project/Project-002/Belajar04_Laravel/vendor/laravel/framework/src/Illuminate/Pipeline/Pipeline.php(208): Illuminate\\Cookie\\Middleware\\AddQueuedCookiesToResponse->handle()
#20 /home/aldebaran/Project/Laravel-Project/Project-002/Belajar04_Laravel/vendor/laravel/framework/src/Illuminate/Cookie/Middleware/EncryptCookies.php(74): Illuminate\\Pipeline\\Pipeline->Illuminate\\Pipeline\\{closure}()
#21 /home/aldebaran/Project/Laravel-Project/Project-002/Belajar04_Laravel/vendor/laravel/framework/src/Illuminate/Pipeline/Pipeline.php(208): Illuminate\\Cookie\\Middleware\\EncryptCookies->handle()
#22 /home/aldebaran/Project/Laravel-Project/Project-002/Belajar04_Laravel/vendor/laravel/framework/src/Illuminate/Pipeline/Pipeline.php(126): Illuminate\\Pipeline\\Pipeline->Illuminate\\Pipeline\\{closure}()
#23 /home/aldebaran/Project/Laravel-Project/Project-002/Belajar04_Laravel/vendor/laravel/framework/src/Illuminate/Routing/Router.php(807): Illuminate\\Pipeline\\Pipeline->then()
#24 /home/aldebaran/Project/Laravel-Project/Project-002/Belajar04_Laravel/vendor/laravel/framework/src/Illuminate/Routing/Router.php(786): Illuminate\\Routing\\Router->runRouteWithinStack()
#25 /home/aldebaran/Project/Laravel-Project/Project-002/Belajar04_Laravel/vendor/laravel/framework/src/Illuminate/Routing/Router.php(750): Illuminate\\Routing\\Router->runRoute()
#26 /home/aldebaran/Project/Laravel-Project/Project-002/Belajar04_Laravel/vendor/laravel/framework/src/Illuminate/Routing/Router.php(739): Illuminate\\Routing\\Router->dispatchToRoute()
#27 /home/aldebaran/Project/Laravel-Project/Project-002/Belajar04_Laravel/vendor/laravel/framework/src/Illuminate/Foundation/Http/Kernel.php(200): Illuminate\\Routing\\Router->dispatch()
#28 /home/aldebaran/Project/Laravel-Project/Project-002/Belajar04_Laravel/vendor/laravel/framework/src/Illuminate/Pipeline/Pipeline.php(169): Illuminate\\Foundation\\Http\\Kernel->Illuminate\\Foundation\\Http\\{closure}()
#29 /home/aldebaran/Project/Laravel-Project/Project-002/Belajar04_Laravel/vendor/laravel/framework/src/Illuminate/Foundation/Http/Middleware/TransformsRequest.php(21): Illuminate\\Pipeline\\Pipeline->Illuminate\\Pipeline\\{closure}()
#30 /home/aldebaran/Project/Laravel-Project/Project-002/Belajar04_Laravel/vendor/laravel/framework/src/Illuminate/Foundation/Http/Middleware/ConvertEmptyStringsToNull.php(31): Illuminate\\Foundation\\Http\\Middleware\\TransformsRequest->handle()
#31 /home/aldebaran/Project/Laravel-Project/Project-002/Belajar04_Laravel/vendor/laravel/framework/src/Illuminate/Pipeline/Pipeline.php(208): Illuminate\\Foundation\\Http\\Middleware\\ConvertEmptyStringsToNull->handle()
#32 /home/aldebaran/Project/Laravel-Project/Project-002/Belajar04_Laravel/vendor/laravel/framework/src/Illuminate/Foundation/Http/Middleware/TransformsRequest.php(21): Illuminate\\Pipeline\\Pipeline->Illuminate\\Pipeline\\{closure}()
#33 /home/aldebaran/Project/Laravel-Project/Project-002/Belajar04_Laravel/vendor/laravel/framework/src/Illuminate/Foundation/Http/Middleware/TrimStrings.php(51): Illuminate\\Foundation\\Http\\Middleware\\TransformsRequest->handle()
#34 /home/aldebaran/Project/Laravel-Project/Project-002/Belajar04_Laravel/vendor/laravel/framework/src/Illuminate/Pipeline/Pipeline.php(208): Illuminate\\Foundation\\Http\\Middleware\\TrimStrings->handle()
#35 /home/aldebaran/Project/Laravel-Project/Project-002/Belajar04_Laravel/vendor/laravel/framework/src/Illuminate/Http/Middleware/ValidatePostSize.php(27): Illuminate\\Pipeline\\Pipeline->Illuminate\\Pipeline\\{closure}()
#36 /home/aldebaran/Project/Laravel-Project/Project-002/Belajar04_Laravel/vendor/laravel/framework/src/Illuminate/Pipeline/Pipeline.php(208): Illuminate\\Http\\Middleware\\ValidatePostSize->handle()
#37 /home/aldebaran/Project/Laravel-Project/Project-002/Belajar04_Laravel/vendor/laravel/framework/src/Illuminate/Foundation/Http/Middleware/PreventRequestsDuringMaintenance.php(109): Illuminate\\Pipeline\\Pipeline->Illuminate\\Pipeline\\{closure}()
#38 /home/aldebaran/Project/Laravel-Project/Project-002/Belajar04_Laravel/vendor/laravel/framework/src/Illuminate/Pipeline/Pipeline.php(208): Illuminate\\Foundation\\Http\\Middleware\\PreventRequestsDuringMaintenance->handle()
#39 /home/aldebaran/Project/Laravel-Project/Project-002/Belajar04_Laravel/vendor/laravel/framework/src/Illuminate/Http/Middleware/HandleCors.php(48): Illuminate\\Pipeline\\Pipeline->Illuminate\\Pipeline\\{closure}()
#40 /home/aldebaran/Project/Laravel-Project/Project-002/Belajar04_Laravel/vendor/laravel/framework/src/Illuminate/Pipeline/Pipeline.php(208): Illuminate\\Http\\Middleware\\HandleCors->handle()
#41 /home/aldebaran/Project/Laravel-Project/Project-002/Belajar04_Laravel/vendor/laravel/framework/src/Illuminate/Http/Middleware/TrustProxies.php(58): Illuminate\\Pipeline\\Pipeline->Illuminate\\Pipeline\\{closure}()
#42 /home/aldebaran/Project/Laravel-Project/Project-002/Belajar04_Laravel/vendor/laravel/framework/src/Illuminate/Pipeline/Pipeline.php(208): Illuminate\\Http\\Middleware\\TrustProxies->handle()
#43 /home/aldebaran/Project/Laravel-Project/Project-002/Belajar04_Laravel/vendor/laravel/framework/src/Illuminate/Foundation/Http/Middleware/InvokeDeferredCallbacks.php(22): Illuminate\\Pipeline\\Pipeline->Illuminate\\Pipeline\\{closure}()
#44 /home/aldebaran/Project/Laravel-Project/Project-002/Belajar04_Laravel/vendor/laravel/framework/src/Illuminate/Pipeline/Pipeline.php(208): Illuminate\\Foundation\\Http\\Middleware\\InvokeDeferredCallbacks->handle()
#45 /home/aldebaran/Project/Laravel-Project/Project-002/Belajar04_Laravel/vendor/laravel/framework/src/Illuminate/Http/Middleware/ValidatePathEncoding.php(26): Illuminate\\Pipeline\\Pipeline->Illuminate\\Pipeline\\{closure}()
#46 /home/aldebaran/Project/Laravel-Project/Project-002/Belajar04_Laravel/vendor/laravel/framework/src/Illuminate/Pipeline/Pipeline.php(208): Illuminate\\Http\\Middleware\\ValidatePathEncoding->handle()
#47 /home/aldebaran/Project/Laravel-Project/Project-002/Belajar04_Laravel/vendor/laravel/framework/src/Illuminate/Pipeline/Pipeline.php(126): Illuminate\\Pipeline\\Pipeline->Illuminate\\Pipeline\\{closure}()
#48 /home/aldebaran/Project/Laravel-Project/Project-002/Belajar04_Laravel/vendor/laravel/framework/src/Illuminate/Foundation/Http/Kernel.php(175): Illuminate\\Pipeline\\Pipeline->then()
#49 /home/aldebaran/Project/Laravel-Project/Project-002/Belajar04_Laravel/vendor/laravel/framework/src/Illuminate/Foundation/Http/Kernel.php(144): Illuminate\\Foundation\\Http\\Kernel->sendRequestThroughRouter()
#50 /home/aldebaran/Project/Laravel-Project/Project-002/Belajar04_Laravel/vendor/laravel/framework/src/Illuminate/Foundation/Application.php(1219): Illuminate\\Foundation\\Http\\Kernel->handle()
#51 /home/aldebaran/Project/Laravel-Project/Project-002/Belajar04_Laravel/public/index.php(20): Illuminate\\Foundation\\Application->handleRequest()
#52 /home/aldebaran/Project/Laravel-Project/Project-002/Belajar04_Laravel/vendor/laravel/framework/src/Illuminate/Foundation/resources/server.php(23): require_once('...')
#53 {main}
"} 
[2025-08-01 01:32:39] local.ERROR: Undefined variable $id {"exception":"[object] (ErrorException(code: 0): Undefined variable $id at /home/aldebaran/Project/Laravel-Project/Project-002/Belajar04_Laravel/routes/web.php:5)
[stacktrace]
#0 /home/aldebaran/Project/Laravel-Project/Project-002/Belajar04_Laravel/vendor/laravel/framework/src/Illuminate/Foundation/Bootstrap/HandleExceptions.php(256): Illuminate\\Foundation\\Bootstrap\\HandleExceptions->handleError()
#1 /home/aldebaran/Project/Laravel-Project/Project-002/Belajar04_Laravel/routes/web.php(5): Illuminate\\Foundation\\Bootstrap\\HandleExceptions->Illuminate\\Foundation\\Bootstrap\\{closure}()
#2 /home/aldebaran/Project/Laravel-Project/Project-002/Belajar04_Laravel/vendor/laravel/framework/src/Illuminate/Routing/RouteFileRegistrar.php(34): require('...')
#3 /home/aldebaran/Project/Laravel-Project/Project-002/Belajar04_Laravel/vendor/laravel/framework/src/Illuminate/Routing/Router.php(512): Illuminate\\Routing\\RouteFileRegistrar->register()
#4 /home/aldebaran/Project/Laravel-Project/Project-002/Belajar04_Laravel/vendor/laravel/framework/src/Illuminate/Routing/Router.php(466): Illuminate\\Routing\\Router->loadRoutes()
#5 /home/aldebaran/Project/Laravel-Project/Project-002/Belajar04_Laravel/vendor/laravel/framework/src/Illuminate/Routing/RouteRegistrar.php(206): Illuminate\\Routing\\Router->group()
#6 /home/aldebaran/Project/Laravel-Project/Project-002/Belajar04_Laravel/vendor/laravel/framework/src/Illuminate/Foundation/Configuration/ApplicationBuilder.php(248): Illuminate\\Routing\\RouteRegistrar->group()
#7 /home/aldebaran/Project/Laravel-Project/Project-002/Belajar04_Laravel/vendor/laravel/framework/src/Illuminate/Container/BoundMethod.php(36): Illuminate\\Foundation\\Configuration\\ApplicationBuilder->Illuminate\\Foundation\\Configuration\\{closure}()
#8 /home/aldebaran/Project/Laravel-Project/Project-002/Belajar04_Laravel/vendor/laravel/framework/src/Illuminate/Container/Util.php(43): Illuminate\\Container\\BoundMethod::Illuminate\\Container\\{closure}()
#9 /home/aldebaran/Project/Laravel-Project/Project-002/Belajar04_Laravel/vendor/laravel/framework/src/Illuminate/Container/BoundMethod.php(84): Illuminate\\Container\\Util::unwrapIfClosure()
#10 /home/aldebaran/Project/Laravel-Project/Project-002/Belajar04_Laravel/vendor/laravel/framework/src/Illuminate/Container/BoundMethod.php(35): Illuminate\\Container\\BoundMethod::callBoundMethod()
#11 /home/aldebaran/Project/Laravel-Project/Project-002/Belajar04_Laravel/vendor/laravel/framework/src/Illuminate/Container/Container.php(780): Illuminate\\Container\\BoundMethod::call()
#12 /home/aldebaran/Project/Laravel-Project/Project-002/Belajar04_Laravel/vendor/laravel/framework/src/Illuminate/Foundation/Support/Providers/RouteServiceProvider.php(162): Illuminate\\Container\\Container->call()
#13 /home/aldebaran/Project/Laravel-Project/Project-002/Belajar04_Laravel/vendor/laravel/framework/src/Illuminate/Foundation/Support/Providers/RouteServiceProvider.php(59): Illuminate\\Foundation\\Support\\Providers\\RouteServiceProvider->loadRoutes()
#14 /home/aldebaran/Project/Laravel-Project/Project-002/Belajar04_Laravel/vendor/laravel/framework/src/Illuminate/Container/BoundMethod.php(36): Illuminate\\Foundation\\Support\\Providers\\RouteServiceProvider->Illuminate\\Foundation\\Support\\Providers\\{closure}()
#15 /home/aldebaran/Project/Laravel-Project/Project-002/Belajar04_Laravel/vendor/laravel/framework/src/Illuminate/Container/Util.php(43): Illuminate\\Container\\BoundMethod::Illuminate\\Container\\{closure}()
#16 /home/aldebaran/Project/Laravel-Project/Project-002/Belajar04_Laravel/vendor/laravel/framework/src/Illuminate/Container/BoundMethod.php(84): Illuminate\\Container\\Util::unwrapIfClosure()
#17 /home/aldebaran/Project/Laravel-Project/Project-002/Belajar04_Laravel/vendor/laravel/framework/src/Illuminate/Container/BoundMethod.php(35): Illuminate\\Container\\BoundMethod::callBoundMethod()
#18 /home/aldebaran/Project/Laravel-Project/Project-002/Belajar04_Laravel/vendor/laravel/framework/src/Illuminate/Container/Container.php(780): Illuminate\\Container\\BoundMethod::call()
#19 /home/aldebaran/Project/Laravel-Project/Project-002/Belajar04_Laravel/vendor/laravel/framework/src/Illuminate/Support/ServiceProvider.php(143): Illuminate\\Container\\Container->call()
#20 /home/aldebaran/Project/Laravel-Project/Project-002/Belajar04_Laravel/vendor/laravel/framework/src/Illuminate/Foundation/Application.php(1153): Illuminate\\Support\\ServiceProvider->callBootedCallbacks()
#21 /home/aldebaran/Project/Laravel-Project/Project-002/Belajar04_Laravel/vendor/laravel/framework/src/Illuminate/Foundation/Application.php(1131): Illuminate\\Foundation\\Application->bootProvider()
#22 [internal function]: Illuminate\\Foundation\\Application->Illuminate\\Foundation\\{closure}()
#23 /home/aldebaran/Project/Laravel-Project/Project-002/Belajar04_Laravel/vendor/laravel/framework/src/Illuminate/Foundation/Application.php(1130): array_walk()
#24 /home/aldebaran/Project/Laravel-Project/Project-002/Belajar04_Laravel/vendor/laravel/framework/src/Illuminate/Foundation/Bootstrap/BootProviders.php(17): Illuminate\\Foundation\\Application->boot()
#25 /home/aldebaran/Project/Laravel-Project/Project-002/Belajar04_Laravel/vendor/laravel/framework/src/Illuminate/Foundation/Application.php(341): Illuminate\\Foundation\\Bootstrap\\BootProviders->bootstrap()
#26 /home/aldebaran/Project/Laravel-Project/Project-002/Belajar04_Laravel/vendor/laravel/framework/src/Illuminate/Foundation/Http/Kernel.php(186): Illuminate\\Foundation\\Application->bootstrapWith()
#27 /home/aldebaran/Project/Laravel-Project/Project-002/Belajar04_Laravel/vendor/laravel/framework/src/Illuminate/Foundation/Http/Kernel.php(170): Illuminate\\Foundation\\Http\\Kernel->bootstrap()
#28 /home/aldebaran/Project/Laravel-Project/Project-002/Belajar04_Laravel/vendor/laravel/framework/src/Illuminate/Foundation/Http/Kernel.php(144): Illuminate\\Foundation\\Http\\Kernel->sendRequestThroughRouter()
#29 /home/aldebaran/Project/Laravel-Project/Project-002/Belajar04_Laravel/vendor/laravel/framework/src/Illuminate/Foundation/Application.php(1219): Illuminate\\Foundation\\Http\\Kernel->handle()
#30 /home/aldebaran/Project/Laravel-Project/Project-002/Belajar04_Laravel/public/index.php(20): Illuminate\\Foundation\\Application->handleRequest()
#31 /home/aldebaran/Project/Laravel-Project/Project-002/Belajar04_Laravel/vendor/laravel/framework/src/Illuminate/Foundation/resources/server.php(23): require_once('...')
#32 {main}
"} 
[2025-08-01 01:41:04] local.ERROR: Undefined variable $name (View: /home/aldebaran/Project/Laravel-Project/Project-002/Belajar04_Laravel/resources/views/admin/Hello.blade.php) {"exception":"[object] (Illuminate\\View\\ViewException(code: 0): Undefined variable $name (View: /home/aldebaran/Project/Laravel-Project/Project-002/Belajar04_Laravel/resources/views/admin/Hello.blade.php) at /home/aldebaran/Project/Laravel-Project/Project-002/Belajar04_Laravel/storage/framework/views/d56845f8c0afcefcdeea45a5754d349b.php:6)
[stacktrace]
#0 /home/aldebaran/Project/Laravel-Project/Project-002/Belajar04_Laravel/vendor/laravel/framework/src/Illuminate/View/Engines/PhpEngine.php(59): Illuminate\\View\\Engines\\CompilerEngine->handleViewException()
#1 /home/aldebaran/Project/Laravel-Project/Project-002/Belajar04_Laravel/vendor/laravel/framework/src/Illuminate/View/Engines/CompilerEngine.php(76): Illuminate\\View\\Engines\\PhpEngine->evaluatePath()
#2 /home/aldebaran/Project/Laravel-Project/Project-002/Belajar04_Laravel/vendor/laravel/framework/src/Illuminate/View/View.php(208): Illuminate\\View\\Engines\\CompilerEngine->get()
#3 /home/aldebaran/Project/Laravel-Project/Project-002/Belajar04_Laravel/vendor/laravel/framework/src/Illuminate/View/View.php(191): Illuminate\\View\\View->getContents()
#4 /home/aldebaran/Project/Laravel-Project/Project-002/Belajar04_Laravel/vendor/laravel/framework/src/Illuminate/View/View.php(160): Illuminate\\View\\View->renderContents()
#5 /home/aldebaran/Project/Laravel-Project/Project-002/Belajar04_Laravel/vendor/laravel/framework/src/Illuminate/Http/Response.php(78): Illuminate\\View\\View->render()
#6 /home/aldebaran/Project/Laravel-Project/Project-002/Belajar04_Laravel/vendor/laravel/framework/src/Illuminate/Http/Response.php(34): Illuminate\\Http\\Response->setContent()
#7 /home/aldebaran/Project/Laravel-Project/Project-002/Belajar04_Laravel/vendor/laravel/framework/src/Illuminate/Routing/Router.php(925): Illuminate\\Http\\Response->__construct()
#8 /home/aldebaran/Project/Laravel-Project/Project-002/Belajar04_Laravel/vendor/laravel/framework/src/Illuminate/Routing/Router.php(892): Illuminate\\Routing\\Router::toResponse()
#9 /home/aldebaran/Project/Laravel-Project/Project-002/Belajar04_Laravel/vendor/laravel/framework/src/Illuminate/Routing/Router.php(807): Illuminate\\Routing\\Router->prepareResponse()
#10 /home/aldebaran/Project/Laravel-Project/Project-002/Belajar04_Laravel/vendor/laravel/framework/src/Illuminate/Pipeline/Pipeline.php(169): Illuminate\\Routing\\Router->Illuminate\\Routing\\{closure}()
#11 /home/aldebaran/Project/Laravel-Project/Project-002/Belajar04_Laravel/vendor/laravel/framework/src/Illuminate/Routing/Middleware/SubstituteBindings.php(50): Illuminate\\Pipeline\\Pipeline->Illuminate\\Pipeline\\{closure}()
#12 /home/aldebaran/Project/Laravel-Project/Project-002/Belajar04_Laravel/vendor/laravel/framework/src/Illuminate/Pipeline/Pipeline.php(208): Illuminate\\Routing\\Middleware\\SubstituteBindings->handle()
#13 /home/aldebaran/Project/Laravel-Project/Project-002/Belajar04_Laravel/vendor/laravel/framework/src/Illuminate/Foundation/Http/Middleware/VerifyCsrfToken.php(87): Illuminate\\Pipeline\\Pipeline->Illuminate\\Pipeline\\{closure}()
#14 /home/aldebaran/Project/Laravel-Project/Project-002/Belajar04_Laravel/vendor/laravel/framework/src/Illuminate/Pipeline/Pipeline.php(208): Illuminate\\Foundation\\Http\\Middleware\\VerifyCsrfToken->handle()
#15 /home/aldebaran/Project/Laravel-Project/Project-002/Belajar04_Laravel/vendor/laravel/framework/src/Illuminate/View/Middleware/ShareErrorsFromSession.php(48): Illuminate\\Pipeline\\Pipeline->Illuminate\\Pipeline\\{closure}()
#16 /home/aldebaran/Project/Laravel-Project/Project-002/Belajar04_Laravel/vendor/laravel/framework/src/Illuminate/Pipeline/Pipeline.php(208): Illuminate\\View\\Middleware\\ShareErrorsFromSession->handle()
#17 /home/aldebaran/Project/Laravel-Project/Project-002/Belajar04_Laravel/vendor/laravel/framework/src/Illuminate/Session/Middleware/StartSession.php(120): Illuminate\\Pipeline\\Pipeline->Illuminate\\Pipeline\\{closure}()
#18 /home/aldebaran/Project/Laravel-Project/Project-002/Belajar04_Laravel/vendor/laravel/framework/src/Illuminate/Session/Middleware/StartSession.php(63): Illuminate\\Session\\Middleware\\StartSession->handleStatefulRequest()
#19 /home/aldebaran/Project/Laravel-Project/Project-002/Belajar04_Laravel/vendor/laravel/framework/src/Illuminate/Pipeline/Pipeline.php(208): Illuminate\\Session\\Middleware\\StartSession->handle()
#20 /home/aldebaran/Project/Laravel-Project/Project-002/Belajar04_Laravel/vendor/laravel/framework/src/Illuminate/Cookie/Middleware/AddQueuedCookiesToResponse.php(36): Illuminate\\Pipeline\\Pipeline->Illuminate\\Pipeline\\{closure}()
#21 /home/aldebaran/Project/Laravel-Project/Project-002/Belajar04_Laravel/vendor/laravel/framework/src/Illuminate/Pipeline/Pipeline.php(208): Illuminate\\Cookie\\Middleware\\AddQueuedCookiesToResponse->handle()
#22 /home/aldebaran/Project/Laravel-Project/Project-002/Belajar04_Laravel/vendor/laravel/framework/src/Illuminate/Cookie/Middleware/EncryptCookies.php(74): Illuminate\\Pipeline\\Pipeline->Illuminate\\Pipeline\\{closure}()
#23 /home/aldebaran/Project/Laravel-Project/Project-002/Belajar04_Laravel/vendor/laravel/framework/src/Illuminate/Pipeline/Pipeline.php(208): Illuminate\\Cookie\\Middleware\\EncryptCookies->handle()
#24 /home/aldebaran/Project/Laravel-Project/Project-002/Belajar04_Laravel/vendor/laravel/framework/src/Illuminate/Pipeline/Pipeline.php(126): Illuminate\\Pipeline\\Pipeline->Illuminate\\Pipeline\\{closure}()
#25 /home/aldebaran/Project/Laravel-Project/Project-002/Belajar04_Laravel/vendor/laravel/framework/src/Illuminate/Routing/Router.php(807): Illuminate\\Pipeline\\Pipeline->then()
#26 /home/aldebaran/Project/Laravel-Project/Project-002/Belajar04_Laravel/vendor/laravel/framework/src/Illuminate/Routing/Router.php(786): Illuminate\\Routing\\Router->runRouteWithinStack()
#27 /home/aldebaran/Project/Laravel-Project/Project-002/Belajar04_Laravel/vendor/laravel/framework/src/Illuminate/Routing/Router.php(750): Illuminate\\Routing\\Router->runRoute()
#28 /home/aldebaran/Project/Laravel-Project/Project-002/Belajar04_Laravel/vendor/laravel/framework/src/Illuminate/Routing/Router.php(739): Illuminate\\Routing\\Router->dispatchToRoute()
#29 /home/aldebaran/Project/Laravel-Project/Project-002/Belajar04_Laravel/vendor/laravel/framework/src/Illuminate/Foundation/Http/Kernel.php(200): Illuminate\\Routing\\Router->dispatch()
#30 /home/aldebaran/Project/Laravel-Project/Project-002/Belajar04_Laravel/vendor/laravel/framework/src/Illuminate/Pipeline/Pipeline.php(169): Illuminate\\Foundation\\Http\\Kernel->Illuminate\\Foundation\\Http\\{closure}()
#31 /home/aldebaran/Project/Laravel-Project/Project-002/Belajar04_Laravel/vendor/laravel/framework/src/Illuminate/Foundation/Http/Middleware/TransformsRequest.php(21): Illuminate\\Pipeline\\Pipeline->Illuminate\\Pipeline\\{closure}()
#32 /home/aldebaran/Project/Laravel-Project/Project-002/Belajar04_Laravel/vendor/laravel/framework/src/Illuminate/Foundation/Http/Middleware/ConvertEmptyStringsToNull.php(31): Illuminate\\Foundation\\Http\\Middleware\\TransformsRequest->handle()
#33 /home/aldebaran/Project/Laravel-Project/Project-002/Belajar04_Laravel/vendor/laravel/framework/src/Illuminate/Pipeline/Pipeline.php(208): Illuminate\\Foundation\\Http\\Middleware\\ConvertEmptyStringsToNull->handle()
#34 /home/aldebaran/Project/Laravel-Project/Project-002/Belajar04_Laravel/vendor/laravel/framework/src/Illuminate/Foundation/Http/Middleware/TransformsRequest.php(21): Illuminate\\Pipeline\\Pipeline->Illuminate\\Pipeline\\{closure}()
#35 /home/aldebaran/Project/Laravel-Project/Project-002/Belajar04_Laravel/vendor/laravel/framework/src/Illuminate/Foundation/Http/Middleware/TrimStrings.php(51): Illuminate\\Foundation\\Http\\Middleware\\TransformsRequest->handle()
#36 /home/aldebaran/Project/Laravel-Project/Project-002/Belajar04_Laravel/vendor/laravel/framework/src/Illuminate/Pipeline/Pipeline.php(208): Illuminate\\Foundation\\Http\\Middleware\\TrimStrings->handle()
#37 /home/aldebaran/Project/Laravel-Project/Project-002/Belajar04_Laravel/vendor/laravel/framework/src/Illuminate/Http/Middleware/ValidatePostSize.php(27): Illuminate\\Pipeline\\Pipeline->Illuminate\\Pipeline\\{closure}()
#38 /home/aldebaran/Project/Laravel-Project/Project-002/Belajar04_Laravel/vendor/laravel/framework/src/Illuminate/Pipeline/Pipeline.php(208): Illuminate\\Http\\Middleware\\ValidatePostSize->handle()
#39 /home/aldebaran/Project/Laravel-Project/Project-002/Belajar04_Laravel/vendor/laravel/framework/src/Illuminate/Foundation/Http/Middleware/PreventRequestsDuringMaintenance.php(109): Illuminate\\Pipeline\\Pipeline->Illuminate\\Pipeline\\{closure}()
#40 /home/aldebaran/Project/Laravel-Project/Project-002/Belajar04_Laravel/vendor/laravel/framework/src/Illuminate/Pipeline/Pipeline.php(208): Illuminate\\Foundation\\Http\\Middleware\\PreventRequestsDuringMaintenance->handle()
#41 /home/aldebaran/Project/Laravel-Project/Project-002/Belajar04_Laravel/vendor/laravel/framework/src/Illuminate/Http/Middleware/HandleCors.php(48): Illuminate\\Pipeline\\Pipeline->Illuminate\\Pipeline\\{closure}()
#42 /home/aldebaran/Project/Laravel-Project/Project-002/Belajar04_Laravel/vendor/laravel/framework/src/Illuminate/Pipeline/Pipeline.php(208): Illuminate\\Http\\Middleware\\HandleCors->handle()
#43 /home/aldebaran/Project/Laravel-Project/Project-002/Belajar04_Laravel/vendor/laravel/framework/src/Illuminate/Http/Middleware/TrustProxies.php(58): Illuminate\\Pipeline\\Pipeline->Illuminate\\Pipeline\\{closure}()
#44 /home/aldebaran/Project/Laravel-Project/Project-002/Belajar04_Laravel/vendor/laravel/framework/src/Illuminate/Pipeline/Pipeline.php(208): Illuminate\\Http\\Middleware\\TrustProxies->handle()
#45 /home/aldebaran/Project/Laravel-Project/Project-002/Belajar04_Laravel/vendor/laravel/framework/src/Illuminate/Foundation/Http/Middleware/InvokeDeferredCallbacks.php(22): Illuminate\\Pipeline\\Pipeline->Illuminate\\Pipeline\\{closure}()
#46 /home/aldebaran/Project/Laravel-Project/Project-002/Belajar04_Laravel/vendor/laravel/framework/src/Illuminate/Pipeline/Pipeline.php(208): Illuminate\\Foundation\\Http\\Middleware\\InvokeDeferredCallbacks->handle()
#47 /home/aldebaran/Project/Laravel-Project/Project-002/Belajar04_Laravel/vendor/laravel/framework/src/Illuminate/Http/Middleware/ValidatePathEncoding.php(26): Illuminate\\Pipeline\\Pipeline->Illuminate\\Pipeline\\{closure}()
#48 /home/aldebaran/Project/Laravel-Project/Project-002/Belajar04_Laravel/vendor/laravel/framework/src/Illuminate/Pipeline/Pipeline.php(208): Illuminate\\Http\\Middleware\\ValidatePathEncoding->handle()
#49 /home/aldebaran/Project/Laravel-Project/Project-002/Belajar04_Laravel/vendor/laravel/framework/src/Illuminate/Pipeline/Pipeline.php(126): Illuminate\\Pipeline\\Pipeline->Illuminate\\Pipeline\\{closure}()
#50 /home/aldebaran/Project/Laravel-Project/Project-002/Belajar04_Laravel/vendor/laravel/framework/src/Illuminate/Foundation/Http/Kernel.php(175): Illuminate\\Pipeline\\Pipeline->then()
#51 /home/aldebaran/Project/Laravel-Project/Project-002/Belajar04_Laravel/vendor/laravel/framework/src/Illuminate/Foundation/Http/Kernel.php(144): Illuminate\\Foundation\\Http\\Kernel->sendRequestThroughRouter()
#52 /home/aldebaran/Project/Laravel-Project/Project-002/Belajar04_Laravel/vendor/laravel/framework/src/Illuminate/Foundation/Application.php(1219): Illuminate\\Foundation\\Http\\Kernel->handle()
#53 /home/aldebaran/Project/Laravel-Project/Project-002/Belajar04_Laravel/public/index.php(20): Illuminate\\Foundation\\Application->handleRequest()
#54 /home/aldebaran/Project/Laravel-Project/Project-002/Belajar04_Laravel/vendor/laravel/framework/src/Illuminate/Foundation/resources/server.php(23): require_once('...')
#55 {main}

[previous exception] [object] (ErrorException(code: 0): Undefined variable $name at /home/aldebaran/Project/Laravel-Project/Project-002/Belajar04_Laravel/storage/framework/views/d56845f8c0afcefcdeea45a5754d349b.php:6)
[stacktrace]
#0 /home/aldebaran/Project/Laravel-Project/Project-002/Belajar04_Laravel/vendor/laravel/framework/src/Illuminate/Foundation/Bootstrap/HandleExceptions.php(256): Illuminate\\Foundation\\Bootstrap\\HandleExceptions->handleError()
#1 /home/aldebaran/Project/Laravel-Project/Project-002/Belajar04_Laravel/storage/framework/views/d56845f8c0afcefcdeea45a5754d349b.php(6): Illuminate\\Foundation\\Bootstrap\\HandleExceptions->Illuminate\\Foundation\\Bootstrap\\{closure}()
#2 /home/aldebaran/Project/Laravel-Project/Project-002/Belajar04_Laravel/vendor/laravel/framework/src/Illuminate/Filesystem/Filesystem.php(123): require('...')
#3 /home/aldebaran/Project/Laravel-Project/Project-002/Belajar04_Laravel/vendor/laravel/framework/src/Illuminate/Filesystem/Filesystem.php(124): Illuminate\\Filesystem\\Filesystem::Illuminate\\Filesystem\\{closure}()
#4 /home/aldebaran/Project/Laravel-Project/Project-002/Belajar04_Laravel/vendor/laravel/framework/src/Illuminate/View/Engines/PhpEngine.php(57): Illuminate\\Filesystem\\Filesystem->getRequire()
#5 /home/aldebaran/Project/Laravel-Project/Project-002/Belajar04_Laravel/vendor/laravel/framework/src/Illuminate/View/Engines/CompilerEngine.php(76): Illuminate\\View\\Engines\\PhpEngine->evaluatePath()
#6 /home/aldebaran/Project/Laravel-Project/Project-002/Belajar04_Laravel/vendor/laravel/framework/src/Illuminate/View/View.php(208): Illuminate\\View\\Engines\\CompilerEngine->get()
#7 /home/aldebaran/Project/Laravel-Project/Project-002/Belajar04_Laravel/vendor/laravel/framework/src/Illuminate/View/View.php(191): Illuminate\\View\\View->getContents()
#8 /home/aldebaran/Project/Laravel-Project/Project-002/Belajar04_Laravel/vendor/laravel/framework/src/Illuminate/View/View.php(160): Illuminate\\View\\View->renderContents()
#9 /home/aldebaran/Project/Laravel-Project/Project-002/Belajar04_Laravel/vendor/laravel/framework/src/Illuminate/Http/Response.php(78): Illuminate\\View\\View->render()
#10 /home/aldebaran/Project/Laravel-Project/Project-002/Belajar04_Laravel/vendor/laravel/framework/src/Illuminate/Http/Response.php(34): Illuminate\\Http\\Response->setContent()
#11 /home/aldebaran/Project/Laravel-Project/Project-002/Belajar04_Laravel/vendor/laravel/framework/src/Illuminate/Routing/Router.php(925): Illuminate\\Http\\Response->__construct()
#12 /home/aldebaran/Project/Laravel-Project/Project-002/Belajar04_Laravel/vendor/laravel/framework/src/Illuminate/Routing/Router.php(892): Illuminate\\Routing\\Router::toResponse()
#13 /home/aldebaran/Project/Laravel-Project/Project-002/Belajar04_Laravel/vendor/laravel/framework/src/Illuminate/Routing/Router.php(807): Illuminate\\Routing\\Router->prepareResponse()
#14 /home/aldebaran/Project/Laravel-Project/Project-002/Belajar04_Laravel/vendor/laravel/framework/src/Illuminate/Pipeline/Pipeline.php(169): Illuminate\\Routing\\Router->Illuminate\\Routing\\{closure}()
#15 /home/aldebaran/Project/Laravel-Project/Project-002/Belajar04_Laravel/vendor/laravel/framework/src/Illuminate/Routing/Middleware/SubstituteBindings.php(50): Illuminate\\Pipeline\\Pipeline->Illuminate\\Pipeline\\{closure}()
#16 /home/aldebaran/Project/Laravel-Project/Project-002/Belajar04_Laravel/vendor/laravel/framework/src/Illuminate/Pipeline/Pipeline.php(208): Illuminate\\Routing\\Middleware\\SubstituteBindings->handle()
#17 /home/aldebaran/Project/Laravel-Project/Project-002/Belajar04_Laravel/vendor/laravel/framework/src/Illuminate/Foundation/Http/Middleware/VerifyCsrfToken.php(87): Illuminate\\Pipeline\\Pipeline->Illuminate\\Pipeline\\{closure}()
#18 /home/aldebaran/Project/Laravel-Project/Project-002/Belajar04_Laravel/vendor/laravel/framework/src/Illuminate/Pipeline/Pipeline.php(208): Illuminate\\Foundation\\Http\\Middleware\\VerifyCsrfToken->handle()
#19 /home/aldebaran/Project/Laravel-Project/Project-002/Belajar04_Laravel/vendor/laravel/framework/src/Illuminate/View/Middleware/ShareErrorsFromSession.php(48): Illuminate\\Pipeline\\Pipeline->Illuminate\\Pipeline\\{closure}()
#20 /home/aldebaran/Project/Laravel-Project/Project-002/Belajar04_Laravel/vendor/laravel/framework/src/Illuminate/Pipeline/Pipeline.php(208): Illuminate\\View\\Middleware\\ShareErrorsFromSession->handle()
#21 /home/aldebaran/Project/Laravel-Project/Project-002/Belajar04_Laravel/vendor/laravel/framework/src/Illuminate/Session/Middleware/StartSession.php(120): Illuminate\\Pipeline\\Pipeline->Illuminate\\Pipeline\\{closure}()
#22 /home/aldebaran/Project/Laravel-Project/Project-002/Belajar04_Laravel/vendor/laravel/framework/src/Illuminate/Session/Middleware/StartSession.php(63): Illuminate\\Session\\Middleware\\StartSession->handleStatefulRequest()
#23 /home/aldebaran/Project/Laravel-Project/Project-002/Belajar04_Laravel/vendor/laravel/framework/src/Illuminate/Pipeline/Pipeline.php(208): Illuminate\\Session\\Middleware\\StartSession->handle()
#24 /home/aldebaran/Project/Laravel-Project/Project-002/Belajar04_Laravel/vendor/laravel/framework/src/Illuminate/Cookie/Middleware/AddQueuedCookiesToResponse.php(36): Illuminate\\Pipeline\\Pipeline->Illuminate\\Pipeline\\{closure}()
#25 /home/aldebaran/Project/Laravel-Project/Project-002/Belajar04_Laravel/vendor/laravel/framework/src/Illuminate/Pipeline/Pipeline.php(208): Illuminate\\Cookie\\Middleware\\AddQueuedCookiesToResponse->handle()
#26 /home/aldebaran/Project/Laravel-Project/Project-002/Belajar04_Laravel/vendor/laravel/framework/src/Illuminate/Cookie/Middleware/EncryptCookies.php(74): Illuminate\\Pipeline\\Pipeline->Illuminate\\Pipeline\\{closure}()
#27 /home/aldebaran/Project/Laravel-Project/Project-002/Belajar04_Laravel/vendor/laravel/framework/src/Illuminate/Pipeline/Pipeline.php(208): Illuminate\\Cookie\\Middleware\\EncryptCookies->handle()
#28 /home/aldebaran/Project/Laravel-Project/Project-002/Belajar04_Laravel/vendor/laravel/framework/src/Illuminate/Pipeline/Pipeline.php(126): Illuminate\\Pipeline\\Pipeline->Illuminate\\Pipeline\\{closure}()
#29 /home/aldebaran/Project/Laravel-Project/Project-002/Belajar04_Laravel/vendor/laravel/framework/src/Illuminate/Routing/Router.php(807): Illuminate\\Pipeline\\Pipeline->then()
#30 /home/aldebaran/Project/Laravel-Project/Project-002/Belajar04_Laravel/vendor/laravel/framework/src/Illuminate/Routing/Router.php(786): Illuminate\\Routing\\Router->runRouteWithinStack()
#31 /home/aldebaran/Project/Laravel-Project/Project-002/Belajar04_Laravel/vendor/laravel/framework/src/Illuminate/Routing/Router.php(750): Illuminate\\Routing\\Router->runRoute()
#32 /home/aldebaran/Project/Laravel-Project/Project-002/Belajar04_Laravel/vendor/laravel/framework/src/Illuminate/Routing/Router.php(739): Illuminate\\Routing\\Router->dispatchToRoute()
#33 /home/aldebaran/Project/Laravel-Project/Project-002/Belajar04_Laravel/vendor/laravel/framework/src/Illuminate/Foundation/Http/Kernel.php(200): Illuminate\\Routing\\Router->dispatch()
#34 /home/aldebaran/Project/Laravel-Project/Project-002/Belajar04_Laravel/vendor/laravel/framework/src/Illuminate/Pipeline/Pipeline.php(169): Illuminate\\Foundation\\Http\\Kernel->Illuminate\\Foundation\\Http\\{closure}()
#35 /home/aldebaran/Project/Laravel-Project/Project-002/Belajar04_Laravel/vendor/laravel/framework/src/Illuminate/Foundation/Http/Middleware/TransformsRequest.php(21): Illuminate\\Pipeline\\Pipeline->Illuminate\\Pipeline\\{closure}()
#36 /home/aldebaran/Project/Laravel-Project/Project-002/Belajar04_Laravel/vendor/laravel/framework/src/Illuminate/Foundation/Http/Middleware/ConvertEmptyStringsToNull.php(31): Illuminate\\Foundation\\Http\\Middleware\\TransformsRequest->handle()
#37 /home/aldebaran/Project/Laravel-Project/Project-002/Belajar04_Laravel/vendor/laravel/framework/src/Illuminate/Pipeline/Pipeline.php(208): Illuminate\\Foundation\\Http\\Middleware\\ConvertEmptyStringsToNull->handle()
#38 /home/aldebaran/Project/Laravel-Project/Project-002/Belajar04_Laravel/vendor/laravel/framework/src/Illuminate/Foundation/Http/Middleware/TransformsRequest.php(21): Illuminate\\Pipeline\\Pipeline->Illuminate\\Pipeline\\{closure}()
#39 /home/aldebaran/Project/Laravel-Project/Project-002/Belajar04_Laravel/vendor/laravel/framework/src/Illuminate/Foundation/Http/Middleware/TrimStrings.php(51): Illuminate\\Foundation\\Http\\Middleware\\TransformsRequest->handle()
#40 /home/aldebaran/Project/Laravel-Project/Project-002/Belajar04_Laravel/vendor/laravel/framework/src/Illuminate/Pipeline/Pipeline.php(208): Illuminate\\Foundation\\Http\\Middleware\\TrimStrings->handle()
#41 /home/aldebaran/Project/Laravel-Project/Project-002/Belajar04_Laravel/vendor/laravel/framework/src/Illuminate/Http/Middleware/ValidatePostSize.php(27): Illuminate\\Pipeline\\Pipeline->Illuminate\\Pipeline\\{closure}()
#42 /home/aldebaran/Project/Laravel-Project/Project-002/Belajar04_Laravel/vendor/laravel/framework/src/Illuminate/Pipeline/Pipeline.php(208): Illuminate\\Http\\Middleware\\ValidatePostSize->handle()
#43 /home/aldebaran/Project/Laravel-Project/Project-002/Belajar04_Laravel/vendor/laravel/framework/src/Illuminate/Foundation/Http/Middleware/PreventRequestsDuringMaintenance.php(109): Illuminate\\Pipeline\\Pipeline->Illuminate\\Pipeline\\{closure}()
#44 /home/aldebaran/Project/Laravel-Project/Project-002/Belajar04_Laravel/vendor/laravel/framework/src/Illuminate/Pipeline/Pipeline.php(208): Illuminate\\Foundation\\Http\\Middleware\\PreventRequestsDuringMaintenance->handle()
#45 /home/aldebaran/Project/Laravel-Project/Project-002/Belajar04_Laravel/vendor/laravel/framework/src/Illuminate/Http/Middleware/HandleCors.php(48): Illuminate\\Pipeline\\Pipeline->Illuminate\\Pipeline\\{closure}()
#46 /home/aldebaran/Project/Laravel-Project/Project-002/Belajar04_Laravel/vendor/laravel/framework/src/Illuminate/Pipeline/Pipeline.php(208): Illuminate\\Http\\Middleware\\HandleCors->handle()
#47 /home/aldebaran/Project/Laravel-Project/Project-002/Belajar04_Laravel/vendor/laravel/framework/src/Illuminate/Http/Middleware/TrustProxies.php(58): Illuminate\\Pipeline\\Pipeline->Illuminate\\Pipeline\\{closure}()
#48 /home/aldebaran/Project/Laravel-Project/Project-002/Belajar04_Laravel/vendor/laravel/framework/src/Illuminate/Pipeline/Pipeline.php(208): Illuminate\\Http\\Middleware\\TrustProxies->handle()
#49 /home/aldebaran/Project/Laravel-Project/Project-002/Belajar04_Laravel/vendor/laravel/framework/src/Illuminate/Foundation/Http/Middleware/InvokeDeferredCallbacks.php(22): Illuminate\\Pipeline\\Pipeline->Illuminate\\Pipeline\\{closure}()
#50 /home/aldebaran/Project/Laravel-Project/Project-002/Belajar04_Laravel/vendor/laravel/framework/src/Illuminate/Pipeline/Pipeline.php(208): Illuminate\\Foundation\\Http\\Middleware\\InvokeDeferredCallbacks->handle()
#51 /home/aldebaran/Project/Laravel-Project/Project-002/Belajar04_Laravel/vendor/laravel/framework/src/Illuminate/Http/Middleware/ValidatePathEncoding.php(26): Illuminate\\Pipeline\\Pipeline->Illuminate\\Pipeline\\{closure}()
#52 /home/aldebaran/Project/Laravel-Project/Project-002/Belajar04_Laravel/vendor/laravel/framework/src/Illuminate/Pipeline/Pipeline.php(208): Illuminate\\Http\\Middleware\\ValidatePathEncoding->handle()
#53 /home/aldebaran/Project/Laravel-Project/Project-002/Belajar04_Laravel/vendor/laravel/framework/src/Illuminate/Pipeline/Pipeline.php(126): Illuminate\\Pipeline\\Pipeline->Illuminate\\Pipeline\\{closure}()
#54 /home/aldebaran/Project/Laravel-Project/Project-002/Belajar04_Laravel/vendor/laravel/framework/src/Illuminate/Foundation/Http/Kernel.php(175): Illuminate\\Pipeline\\Pipeline->then()
#55 /home/aldebaran/Project/Laravel-Project/Project-002/Belajar04_Laravel/vendor/laravel/framework/src/Illuminate/Foundation/Http/Kernel.php(144): Illuminate\\Foundation\\Http\\Kernel->sendRequestThroughRouter()
#56 /home/aldebaran/Project/Laravel-Project/Project-002/Belajar04_Laravel/vendor/laravel/framework/src/Illuminate/Foundation/Application.php(1219): Illuminate\\Foundation\\Http\\Kernel->handle()
#57 /home/aldebaran/Project/Laravel-Project/Project-002/Belajar04_Laravel/public/index.php(20): Illuminate\\Foundation\\Application->handleRequest()
#58 /home/aldebaran/Project/Laravel-Project/Project-002/Belajar04_Laravel/vendor/laravel/framework/src/Illuminate/Foundation/resources/server.php(23): require_once('...')
#59 {main}
"} 
[2025-08-01 01:46:23] local.ERROR: There are no commands defined in the "create" namespace. {"exception":"[object] (Symfony\\Component\\Console\\Exception\\NamespaceNotFoundException(code: 0): There are no commands defined in the \"create\" namespace. at /home/aldebaran/Project/Laravel-Project/Project-002/Belajar04_Laravel/vendor/symfony/console/Application.php:659)
[stacktrace]
#0 /home/aldebaran/Project/Laravel-Project/Project-002/Belajar04_Laravel/vendor/symfony/console/Application.php(708): Symfony\\Component\\Console\\Application->findNamespace()
#1 /home/aldebaran/Project/Laravel-Project/Project-002/Belajar04_Laravel/vendor/symfony/console/Application.php(283): Symfony\\Component\\Console\\Application->find()
#2 /home/aldebaran/Project/Laravel-Project/Project-002/Belajar04_Laravel/vendor/symfony/console/Application.php(192): Symfony\\Component\\Console\\Application->doRun()
#3 /home/aldebaran/Project/Laravel-Project/Project-002/Belajar04_Laravel/vendor/laravel/framework/src/Illuminate/Foundation/Console/Kernel.php(197): Symfony\\Component\\Console\\Application->run()
#4 /home/aldebaran/Project/Laravel-Project/Project-002/Belajar04_Laravel/vendor/laravel/framework/src/Illuminate/Foundation/Application.php(1234): Illuminate\\Foundation\\Console\\Kernel->handle()
#5 /home/aldebaran/Project/Laravel-Project/Project-002/Belajar04_Laravel/artisan(16): Illuminate\\Foundation\\Application->handleCommand()
#6 {main}
"} 
[2025-08-01 01:51:35] local.ERROR: View [Hello] not found. {"exception":"[object] (InvalidArgumentException(code: 0): View [Hello] not found. at /home/aldebaran/Project/Laravel-Project/Project-002/Belajar04_Laravel/vendor/laravel/framework/src/Illuminate/View/FileViewFinder.php:138)
[stacktrace]
#0 /home/aldebaran/Project/Laravel-Project/Project-002/Belajar04_Laravel/vendor/laravel/framework/src/Illuminate/View/FileViewFinder.php(78): Illuminate\\View\\FileViewFinder->findInPaths()
#1 /home/aldebaran/Project/Laravel-Project/Project-002/Belajar04_Laravel/vendor/laravel/framework/src/Illuminate/View/Factory.php(150): Illuminate\\View\\FileViewFinder->find()
#2 /home/aldebaran/Project/Laravel-Project/Project-002/Belajar04_Laravel/vendor/laravel/framework/src/Illuminate/Foundation/helpers.php(1103): Illuminate\\View\\Factory->make()
#3 /home/aldebaran/Project/Laravel-Project/Project-002/Belajar04_Laravel/app/Http/Controllers/HelloAdminController.php(10): view()
#4 /home/aldebaran/Project/Laravel-Project/Project-002/Belajar04_Laravel/vendor/laravel/framework/src/Illuminate/Routing/ControllerDispatcher.php(46): App\\Http\\Controllers\\HelloAdminController->calling()
#5 /home/aldebaran/Project/Laravel-Project/Project-002/Belajar04_Laravel/vendor/laravel/framework/src/Illuminate/Routing/Route.php(265): Illuminate\\Routing\\ControllerDispatcher->dispatch()
#6 /home/aldebaran/Project/Laravel-Project/Project-002/Belajar04_Laravel/vendor/laravel/framework/src/Illuminate/Routing/Route.php(211): Illuminate\\Routing\\Route->runController()
#7 /home/aldebaran/Project/Laravel-Project/Project-002/Belajar04_Laravel/vendor/laravel/framework/src/Illuminate/Routing/Router.php(808): Illuminate\\Routing\\Route->run()
#8 /home/aldebaran/Project/Laravel-Project/Project-002/Belajar04_Laravel/vendor/laravel/framework/src/Illuminate/Pipeline/Pipeline.php(169): Illuminate\\Routing\\Router->Illuminate\\Routing\\{closure}()
#9 /home/aldebaran/Project/Laravel-Project/Project-002/Belajar04_Laravel/vendor/laravel/framework/src/Illuminate/Routing/Middleware/SubstituteBindings.php(50): Illuminate\\Pipeline\\Pipeline->Illuminate\\Pipeline\\{closure}()
#10 /home/aldebaran/Project/Laravel-Project/Project-002/Belajar04_Laravel/vendor/laravel/framework/src/Illuminate/Pipeline/Pipeline.php(208): Illuminate\\Routing\\Middleware\\SubstituteBindings->handle()
#11 /home/aldebaran/Project/Laravel-Project/Project-002/Belajar04_Laravel/vendor/laravel/framework/src/Illuminate/Foundation/Http/Middleware/VerifyCsrfToken.php(87): Illuminate\\Pipeline\\Pipeline->Illuminate\\Pipeline\\{closure}()
#12 /home/aldebaran/Project/Laravel-Project/Project-002/Belajar04_Laravel/vendor/laravel/framework/src/Illuminate/Pipeline/Pipeline.php(208): Illuminate\\Foundation\\Http\\Middleware\\VerifyCsrfToken->handle()
#13 /home/aldebaran/Project/Laravel-Project/Project-002/Belajar04_Laravel/vendor/laravel/framework/src/Illuminate/View/Middleware/ShareErrorsFromSession.php(48): Illuminate\\Pipeline\\Pipeline->Illuminate\\Pipeline\\{closure}()
#14 /home/aldebaran/Project/Laravel-Project/Project-002/Belajar04_Laravel/vendor/laravel/framework/src/Illuminate/Pipeline/Pipeline.php(208): Illuminate\\View\\Middleware\\ShareErrorsFromSession->handle()
#15 /home/aldebaran/Project/Laravel-Project/Project-002/Belajar04_Laravel/vendor/laravel/framework/src/Illuminate/Session/Middleware/StartSession.php(120): Illuminate\\Pipeline\\Pipeline->Illuminate\\Pipeline\\{closure}()
#16 /home/aldebaran/Project/Laravel-Project/Project-002/Belajar04_Laravel/vendor/laravel/framework/src/Illuminate/Session/Middleware/StartSession.php(63): Illuminate\\Session\\Middleware\\StartSession->handleStatefulRequest()
#17 /home/aldebaran/Project/Laravel-Project/Project-002/Belajar04_Laravel/vendor/laravel/framework/src/Illuminate/Pipeline/Pipeline.php(208): Illuminate\\Session\\Middleware\\StartSession->handle()
#18 /home/aldebaran/Project/Laravel-Project/Project-002/Belajar04_Laravel/vendor/laravel/framework/src/Illuminate/Cookie/Middleware/AddQueuedCookiesToResponse.php(36): Illuminate\\Pipeline\\Pipeline->Illuminate\\Pipeline\\{closure}()
#19 /home/aldebaran/Project/Laravel-Project/Project-002/Belajar04_Laravel/vendor/laravel/framework/src/Illuminate/Pipeline/Pipeline.php(208): Illuminate\\Cookie\\Middleware\\AddQueuedCookiesToResponse->handle()
#20 /home/aldebaran/Project/Laravel-Project/Project-002/Belajar04_Laravel/vendor/laravel/framework/src/Illuminate/Cookie/Middleware/EncryptCookies.php(74): Illuminate\\Pipeline\\Pipeline->Illuminate\\Pipeline\\{closure}()
#21 /home/aldebaran/Project/Laravel-Project/Project-002/Belajar04_Laravel/vendor/laravel/framework/src/Illuminate/Pipeline/Pipeline.php(208): Illuminate\\Cookie\\Middleware\\EncryptCookies->handle()
#22 /home/aldebaran/Project/Laravel-Project/Project-002/Belajar04_Laravel/vendor/laravel/framework/src/Illuminate/Pipeline/Pipeline.php(126): Illuminate\\Pipeline\\Pipeline->Illuminate\\Pipeline\\{closure}()
#23 /home/aldebaran/Project/Laravel-Project/Project-002/Belajar04_Laravel/vendor/laravel/framework/src/Illuminate/Routing/Router.php(807): Illuminate\\Pipeline\\Pipeline->then()
#24 /home/aldebaran/Project/Laravel-Project/Project-002/Belajar04_Laravel/vendor/laravel/framework/src/Illuminate/Routing/Router.php(786): Illuminate\\Routing\\Router->runRouteWithinStack()
#25 /home/aldebaran/Project/Laravel-Project/Project-002/Belajar04_Laravel/vendor/laravel/framework/src/Illuminate/Routing/Router.php(750): Illuminate\\Routing\\Router->runRoute()
#26 /home/aldebaran/Project/Laravel-Project/Project-002/Belajar04_Laravel/vendor/laravel/framework/src/Illuminate/Routing/Router.php(739): Illuminate\\Routing\\Router->dispatchToRoute()
#27 /home/aldebaran/Project/Laravel-Project/Project-002/Belajar04_Laravel/vendor/laravel/framework/src/Illuminate/Foundation/Http/Kernel.php(200): Illuminate\\Routing\\Router->dispatch()
#28 /home/aldebaran/Project/Laravel-Project/Project-002/Belajar04_Laravel/vendor/laravel/framework/src/Illuminate/Pipeline/Pipeline.php(169): Illuminate\\Foundation\\Http\\Kernel->Illuminate\\Foundation\\Http\\{closure}()
#29 /home/aldebaran/Project/Laravel-Project/Project-002/Belajar04_Laravel/vendor/laravel/framework/src/Illuminate/Foundation/Http/Middleware/TransformsRequest.php(21): Illuminate\\Pipeline\\Pipeline->Illuminate\\Pipeline\\{closure}()
#30 /home/aldebaran/Project/Laravel-Project/Project-002/Belajar04_Laravel/vendor/laravel/framework/src/Illuminate/Foundation/Http/Middleware/ConvertEmptyStringsToNull.php(31): Illuminate\\Foundation\\Http\\Middleware\\TransformsRequest->handle()
#31 /home/aldebaran/Project/Laravel-Project/Project-002/Belajar04_Laravel/vendor/laravel/framework/src/Illuminate/Pipeline/Pipeline.php(208): Illuminate\\Foundation\\Http\\Middleware\\ConvertEmptyStringsToNull->handle()
#32 /home/aldebaran/Project/Laravel-Project/Project-002/Belajar04_Laravel/vendor/laravel/framework/src/Illuminate/Foundation/Http/Middleware/TransformsRequest.php(21): Illuminate\\Pipeline\\Pipeline->Illuminate\\Pipeline\\{closure}()
#33 /home/aldebaran/Project/Laravel-Project/Project-002/Belajar04_Laravel/vendor/laravel/framework/src/Illuminate/Foundation/Http/Middleware/TrimStrings.php(51): Illuminate\\Foundation\\Http\\Middleware\\TransformsRequest->handle()
#34 /home/aldebaran/Project/Laravel-Project/Project-002/Belajar04_Laravel/vendor/laravel/framework/src/Illuminate/Pipeline/Pipeline.php(208): Illuminate\\Foundation\\Http\\Middleware\\TrimStrings->handle()
#35 /home/aldebaran/Project/Laravel-Project/Project-002/Belajar04_Laravel/vendor/laravel/framework/src/Illuminate/Http/Middleware/ValidatePostSize.php(27): Illuminate\\Pipeline\\Pipeline->Illuminate\\Pipeline\\{closure}()
#36 /home/aldebaran/Project/Laravel-Project/Project-002/Belajar04_Laravel/vendor/laravel/framework/src/Illuminate/Pipeline/Pipeline.php(208): Illuminate\\Http\\Middleware\\ValidatePostSize->handle()
#37 /home/aldebaran/Project/Laravel-Project/Project-002/Belajar04_Laravel/vendor/laravel/framework/src/Illuminate/Foundation/Http/Middleware/PreventRequestsDuringMaintenance.php(109): Illuminate\\Pipeline\\Pipeline->Illuminate\\Pipeline\\{closure}()
#38 /home/aldebaran/Project/Laravel-Project/Project-002/Belajar04_Laravel/vendor/laravel/framework/src/Illuminate/Pipeline/Pipeline.php(208): Illuminate\\Foundation\\Http\\Middleware\\PreventRequestsDuringMaintenance->handle()
#39 /home/aldebaran/Project/Laravel-Project/Project-002/Belajar04_Laravel/vendor/laravel/framework/src/Illuminate/Http/Middleware/HandleCors.php(48): Illuminate\\Pipeline\\Pipeline->Illuminate\\Pipeline\\{closure}()
#40 /home/aldebaran/Project/Laravel-Project/Project-002/Belajar04_Laravel/vendor/laravel/framework/src/Illuminate/Pipeline/Pipeline.php(208): Illuminate\\Http\\Middleware\\HandleCors->handle()
#41 /home/aldebaran/Project/Laravel-Project/Project-002/Belajar04_Laravel/vendor/laravel/framework/src/Illuminate/Http/Middleware/TrustProxies.php(58): Illuminate\\Pipeline\\Pipeline->Illuminate\\Pipeline\\{closure}()
#42 /home/aldebaran/Project/Laravel-Project/Project-002/Belajar04_Laravel/vendor/laravel/framework/src/Illuminate/Pipeline/Pipeline.php(208): Illuminate\\Http\\Middleware\\TrustProxies->handle()
#43 /home/aldebaran/Project/Laravel-Project/Project-002/Belajar04_Laravel/vendor/laravel/framework/src/Illuminate/Foundation/Http/Middleware/InvokeDeferredCallbacks.php(22): Illuminate\\Pipeline\\Pipeline->Illuminate\\Pipeline\\{closure}()
#44 /home/aldebaran/Project/Laravel-Project/Project-002/Belajar04_Laravel/vendor/laravel/framework/src/Illuminate/Pipeline/Pipeline.php(208): Illuminate\\Foundation\\Http\\Middleware\\InvokeDeferredCallbacks->handle()
#45 /home/aldebaran/Project/Laravel-Project/Project-002/Belajar04_Laravel/vendor/laravel/framework/src/Illuminate/Http/Middleware/ValidatePathEncoding.php(26): Illuminate\\Pipeline\\Pipeline->Illuminate\\Pipeline\\{closure}()
#46 /home/aldebaran/Project/Laravel-Project/Project-002/Belajar04_Laravel/vendor/laravel/framework/src/Illuminate/Pipeline/Pipeline.php(208): Illuminate\\Http\\Middleware\\ValidatePathEncoding->handle()
#47 /home/aldebaran/Project/Laravel-Project/Project-002/Belajar04_Laravel/vendor/laravel/framework/src/Illuminate/Pipeline/Pipeline.php(126): Illuminate\\Pipeline\\Pipeline->Illuminate\\Pipeline\\{closure}()
#48 /home/aldebaran/Project/Laravel-Project/Project-002/Belajar04_Laravel/vendor/laravel/framework/src/Illuminate/Foundation/Http/Kernel.php(175): Illuminate\\Pipeline\\Pipeline->then()
#49 /home/aldebaran/Project/Laravel-Project/Project-002/Belajar04_Laravel/vendor/laravel/framework/src/Illuminate/Foundation/Http/Kernel.php(144): Illuminate\\Foundation\\Http\\Kernel->sendRequestThroughRouter()
#50 /home/aldebaran/Project/Laravel-Project/Project-002/Belajar04_Laravel/vendor/laravel/framework/src/Illuminate/Foundation/Application.php(1219): Illuminate\\Foundation\\Http\\Kernel->handle()
#51 /home/aldebaran/Project/Laravel-Project/Project-002/Belajar04_Laravel/public/index.php(20): Illuminate\\Foundation\\Application->handleRequest()
#52 /home/aldebaran/Project/Laravel-Project/Project-002/Belajar04_Laravel/vendor/laravel/framework/src/Illuminate/Foundation/resources/server.php(23): require_once('...')
#53 {main}
"} 
[2025-08-01 01:52:28] local.ERROR: View [Hello.admin] not found. {"exception":"[object] (InvalidArgumentException(code: 0): View [Hello.admin] not found. at /home/aldebaran/Project/Laravel-Project/Project-002/Belajar04_Laravel/vendor/laravel/framework/src/Illuminate/View/FileViewFinder.php:138)
[stacktrace]
#0 /home/aldebaran/Project/Laravel-Project/Project-002/Belajar04_Laravel/vendor/laravel/framework/src/Illuminate/View/FileViewFinder.php(78): Illuminate\\View\\FileViewFinder->findInPaths()
#1 /home/aldebaran/Project/Laravel-Project/Project-002/Belajar04_Laravel/vendor/laravel/framework/src/Illuminate/View/Factory.php(150): Illuminate\\View\\FileViewFinder->find()
#2 /home/aldebaran/Project/Laravel-Project/Project-002/Belajar04_Laravel/vendor/laravel/framework/src/Illuminate/Foundation/helpers.php(1103): Illuminate\\View\\Factory->make()
#3 /home/aldebaran/Project/Laravel-Project/Project-002/Belajar04_Laravel/app/Http/Controllers/HelloAdminController.php(10): view()
#4 /home/aldebaran/Project/Laravel-Project/Project-002/Belajar04_Laravel/vendor/laravel/framework/src/Illuminate/Routing/ControllerDispatcher.php(46): App\\Http\\Controllers\\HelloAdminController->calling()
#5 /home/aldebaran/Project/Laravel-Project/Project-002/Belajar04_Laravel/vendor/laravel/framework/src/Illuminate/Routing/Route.php(265): Illuminate\\Routing\\ControllerDispatcher->dispatch()
#6 /home/aldebaran/Project/Laravel-Project/Project-002/Belajar04_Laravel/vendor/laravel/framework/src/Illuminate/Routing/Route.php(211): Illuminate\\Routing\\Route->runController()
#7 /home/aldebaran/Project/Laravel-Project/Project-002/Belajar04_Laravel/vendor/laravel/framework/src/Illuminate/Routing/Router.php(808): Illuminate\\Routing\\Route->run()
#8 /home/aldebaran/Project/Laravel-Project/Project-002/Belajar04_Laravel/vendor/laravel/framework/src/Illuminate/Pipeline/Pipeline.php(169): Illuminate\\Routing\\Router->Illuminate\\Routing\\{closure}()
#9 /home/aldebaran/Project/Laravel-Project/Project-002/Belajar04_Laravel/vendor/laravel/framework/src/Illuminate/Routing/Middleware/SubstituteBindings.php(50): Illuminate\\Pipeline\\Pipeline->Illuminate\\Pipeline\\{closure}()
#10 /home/aldebaran/Project/Laravel-Project/Project-002/Belajar04_Laravel/vendor/laravel/framework/src/Illuminate/Pipeline/Pipeline.php(208): Illuminate\\Routing\\Middleware\\SubstituteBindings->handle()
#11 /home/aldebaran/Project/Laravel-Project/Project-002/Belajar04_Laravel/vendor/laravel/framework/src/Illuminate/Foundation/Http/Middleware/VerifyCsrfToken.php(87): Illuminate\\Pipeline\\Pipeline->Illuminate\\Pipeline\\{closure}()
#12 /home/aldebaran/Project/Laravel-Project/Project-002/Belajar04_Laravel/vendor/laravel/framework/src/Illuminate/Pipeline/Pipeline.php(208): Illuminate\\Foundation\\Http\\Middleware\\VerifyCsrfToken->handle()
#13 /home/aldebaran/Project/Laravel-Project/Project-002/Belajar04_Laravel/vendor/laravel/framework/src/Illuminate/View/Middleware/ShareErrorsFromSession.php(48): Illuminate\\Pipeline\\Pipeline->Illuminate\\Pipeline\\{closure}()
#14 /home/aldebaran/Project/Laravel-Project/Project-002/Belajar04_Laravel/vendor/laravel/framework/src/Illuminate/Pipeline/Pipeline.php(208): Illuminate\\View\\Middleware\\ShareErrorsFromSession->handle()
#15 /home/aldebaran/Project/Laravel-Project/Project-002/Belajar04_Laravel/vendor/laravel/framework/src/Illuminate/Session/Middleware/StartSession.php(120): Illuminate\\Pipeline\\Pipeline->Illuminate\\Pipeline\\{closure}()
#16 /home/aldebaran/Project/Laravel-Project/Project-002/Belajar04_Laravel/vendor/laravel/framework/src/Illuminate/Session/Middleware/StartSession.php(63): Illuminate\\Session\\Middleware\\StartSession->handleStatefulRequest()
#17 /home/aldebaran/Project/Laravel-Project/Project-002/Belajar04_Laravel/vendor/laravel/framework/src/Illuminate/Pipeline/Pipeline.php(208): Illuminate\\Session\\Middleware\\StartSession->handle()
#18 /home/aldebaran/Project/Laravel-Project/Project-002/Belajar04_Laravel/vendor/laravel/framework/src/Illuminate/Cookie/Middleware/AddQueuedCookiesToResponse.php(36): Illuminate\\Pipeline\\Pipeline->Illuminate\\Pipeline\\{closure}()
#19 /home/aldebaran/Project/Laravel-Project/Project-002/Belajar04_Laravel/vendor/laravel/framework/src/Illuminate/Pipeline/Pipeline.php(208): Illuminate\\Cookie\\Middleware\\AddQueuedCookiesToResponse->handle()
#20 /home/aldebaran/Project/Laravel-Project/Project-002/Belajar04_Laravel/vendor/laravel/framework/src/Illuminate/Cookie/Middleware/EncryptCookies.php(74): Illuminate\\Pipeline\\Pipeline->Illuminate\\Pipeline\\{closure}()
#21 /home/aldebaran/Project/Laravel-Project/Project-002/Belajar04_Laravel/vendor/laravel/framework/src/Illuminate/Pipeline/Pipeline.php(208): Illuminate\\Cookie\\Middleware\\EncryptCookies->handle()
#22 /home/aldebaran/Project/Laravel-Project/Project-002/Belajar04_Laravel/vendor/laravel/framework/src/Illuminate/Pipeline/Pipeline.php(126): Illuminate\\Pipeline\\Pipeline->Illuminate\\Pipeline\\{closure}()
#23 /home/aldebaran/Project/Laravel-Project/Project-002/Belajar04_Laravel/vendor/laravel/framework/src/Illuminate/Routing/Router.php(807): Illuminate\\Pipeline\\Pipeline->then()
#24 /home/aldebaran/Project/Laravel-Project/Project-002/Belajar04_Laravel/vendor/laravel/framework/src/Illuminate/Routing/Router.php(786): Illuminate\\Routing\\Router->runRouteWithinStack()
#25 /home/aldebaran/Project/Laravel-Project/Project-002/Belajar04_Laravel/vendor/laravel/framework/src/Illuminate/Routing/Router.php(750): Illuminate\\Routing\\Router->runRoute()
#26 /home/aldebaran/Project/Laravel-Project/Project-002/Belajar04_Laravel/vendor/laravel/framework/src/Illuminate/Routing/Router.php(739): Illuminate\\Routing\\Router->dispatchToRoute()
#27 /home/aldebaran/Project/Laravel-Project/Project-002/Belajar04_Laravel/vendor/laravel/framework/src/Illuminate/Foundation/Http/Kernel.php(200): Illuminate\\Routing\\Router->dispatch()
#28 /home/aldebaran/Project/Laravel-Project/Project-002/Belajar04_Laravel/vendor/laravel/framework/src/Illuminate/Pipeline/Pipeline.php(169): Illuminate\\Foundation\\Http\\Kernel->Illuminate\\Foundation\\Http\\{closure}()
#29 /home/aldebaran/Project/Laravel-Project/Project-002/Belajar04_Laravel/vendor/laravel/framework/src/Illuminate/Foundation/Http/Middleware/TransformsRequest.php(21): Illuminate\\Pipeline\\Pipeline->Illuminate\\Pipeline\\{closure}()
#30 /home/aldebaran/Project/Laravel-Project/Project-002/Belajar04_Laravel/vendor/laravel/framework/src/Illuminate/Foundation/Http/Middleware/ConvertEmptyStringsToNull.php(31): Illuminate\\Foundation\\Http\\Middleware\\TransformsRequest->handle()
#31 /home/aldebaran/Project/Laravel-Project/Project-002/Belajar04_Laravel/vendor/laravel/framework/src/Illuminate/Pipeline/Pipeline.php(208): Illuminate\\Foundation\\Http\\Middleware\\ConvertEmptyStringsToNull->handle()
#32 /home/aldebaran/Project/Laravel-Project/Project-002/Belajar04_Laravel/vendor/laravel/framework/src/Illuminate/Foundation/Http/Middleware/TransformsRequest.php(21): Illuminate\\Pipeline\\Pipeline->Illuminate\\Pipeline\\{closure}()
#33 /home/aldebaran/Project/Laravel-Project/Project-002/Belajar04_Laravel/vendor/laravel/framework/src/Illuminate/Foundation/Http/Middleware/TrimStrings.php(51): Illuminate\\Foundation\\Http\\Middleware\\TransformsRequest->handle()
#34 /home/aldebaran/Project/Laravel-Project/Project-002/Belajar04_Laravel/vendor/laravel/framework/src/Illuminate/Pipeline/Pipeline.php(208): Illuminate\\Foundation\\Http\\Middleware\\TrimStrings->handle()
#35 /home/aldebaran/Project/Laravel-Project/Project-002/Belajar04_Laravel/vendor/laravel/framework/src/Illuminate/Http/Middleware/ValidatePostSize.php(27): Illuminate\\Pipeline\\Pipeline->Illuminate\\Pipeline\\{closure}()
#36 /home/aldebaran/Project/Laravel-Project/Project-002/Belajar04_Laravel/vendor/laravel/framework/src/Illuminate/Pipeline/Pipeline.php(208): Illuminate\\Http\\Middleware\\ValidatePostSize->handle()
#37 /home/aldebaran/Project/Laravel-Project/Project-002/Belajar04_Laravel/vendor/laravel/framework/src/Illuminate/Foundation/Http/Middleware/PreventRequestsDuringMaintenance.php(109): Illuminate\\Pipeline\\Pipeline->Illuminate\\Pipeline\\{closure}()
#38 /home/aldebaran/Project/Laravel-Project/Project-002/Belajar04_Laravel/vendor/laravel/framework/src/Illuminate/Pipeline/Pipeline.php(208): Illuminate\\Foundation\\Http\\Middleware\\PreventRequestsDuringMaintenance->handle()
#39 /home/aldebaran/Project/Laravel-Project/Project-002/Belajar04_Laravel/vendor/laravel/framework/src/Illuminate/Http/Middleware/HandleCors.php(48): Illuminate\\Pipeline\\Pipeline->Illuminate\\Pipeline\\{closure}()
#40 /home/aldebaran/Project/Laravel-Project/Project-002/Belajar04_Laravel/vendor/laravel/framework/src/Illuminate/Pipeline/Pipeline.php(208): Illuminate\\Http\\Middleware\\HandleCors->handle()
#41 /home/aldebaran/Project/Laravel-Project/Project-002/Belajar04_Laravel/vendor/laravel/framework/src/Illuminate/Http/Middleware/TrustProxies.php(58): Illuminate\\Pipeline\\Pipeline->Illuminate\\Pipeline\\{closure}()
#42 /home/aldebaran/Project/Laravel-Project/Project-002/Belajar04_Laravel/vendor/laravel/framework/src/Illuminate/Pipeline/Pipeline.php(208): Illuminate\\Http\\Middleware\\TrustProxies->handle()
#43 /home/aldebaran/Project/Laravel-Project/Project-002/Belajar04_Laravel/vendor/laravel/framework/src/Illuminate/Foundation/Http/Middleware/InvokeDeferredCallbacks.php(22): Illuminate\\Pipeline\\Pipeline->Illuminate\\Pipeline\\{closure}()
#44 /home/aldebaran/Project/Laravel-Project/Project-002/Belajar04_Laravel/vendor/laravel/framework/src/Illuminate/Pipeline/Pipeline.php(208): Illuminate\\Foundation\\Http\\Middleware\\InvokeDeferredCallbacks->handle()
#45 /home/aldebaran/Project/Laravel-Project/Project-002/Belajar04_Laravel/vendor/laravel/framework/src/Illuminate/Http/Middleware/ValidatePathEncoding.php(26): Illuminate\\Pipeline\\Pipeline->Illuminate\\Pipeline\\{closure}()
#46 /home/aldebaran/Project/Laravel-Project/Project-002/Belajar04_Laravel/vendor/laravel/framework/src/Illuminate/Pipeline/Pipeline.php(208): Illuminate\\Http\\Middleware\\ValidatePathEncoding->handle()
#47 /home/aldebaran/Project/Laravel-Project/Project-002/Belajar04_Laravel/vendor/laravel/framework/src/Illuminate/Pipeline/Pipeline.php(126): Illuminate\\Pipeline\\Pipeline->Illuminate\\Pipeline\\{closure}()
#48 /home/aldebaran/Project/Laravel-Project/Project-002/Belajar04_Laravel/vendor/laravel/framework/src/Illuminate/Foundation/Http/Kernel.php(175): Illuminate\\Pipeline\\Pipeline->then()
#49 /home/aldebaran/Project/Laravel-Project/Project-002/Belajar04_Laravel/vendor/laravel/framework/src/Illuminate/Foundation/Http/Kernel.php(144): Illuminate\\Foundation\\Http\\Kernel->sendRequestThroughRouter()
#50 /home/aldebaran/Project/Laravel-Project/Project-002/Belajar04_Laravel/vendor/laravel/framework/src/Illuminate/Foundation/Application.php(1219): Illuminate\\Foundation\\Http\\Kernel->handle()
#51 /home/aldebaran/Project/Laravel-Project/Project-002/Belajar04_Laravel/public/index.php(20): Illuminate\\Foundation\\Application->handleRequest()
#52 /home/aldebaran/Project/Laravel-Project/Project-002/Belajar04_Laravel/vendor/laravel/framework/src/Illuminate/Foundation/resources/server.php(23): require_once('...')
#53 {main}
"} 
[2025-08-01 03:21:08] local.ERROR: Command "ui" is not defined. {"exception":"[object] (Symfony\\Component\\Console\\Exception\\CommandNotFoundException(code: 0): Command \"ui\" is not defined. at /home/aldebaran/Project/Laravel-Project/Project-002/Belajar04_Laravel/vendor/symfony/console/Application.php:725)
[stacktrace]
#0 /home/aldebaran/Project/Laravel-Project/Project-002/Belajar04_Laravel/vendor/symfony/console/Application.php(283): Symfony\\Component\\Console\\Application->find()
#1 /home/aldebaran/Project/Laravel-Project/Project-002/Belajar04_Laravel/vendor/symfony/console/Application.php(192): Symfony\\Component\\Console\\Application->doRun()
#2 /home/aldebaran/Project/Laravel-Project/Project-002/Belajar04_Laravel/vendor/laravel/framework/src/Illuminate/Foundation/Console/Kernel.php(197): Symfony\\Component\\Console\\Application->run()
#3 /home/aldebaran/Project/Laravel-Project/Project-002/Belajar04_Laravel/vendor/laravel/framework/src/Illuminate/Foundation/Application.php(1234): Illuminate\\Foundation\\Console\\Kernel->handle()
#4 /home/aldebaran/Project/Laravel-Project/Project-002/Belajar04_Laravel/artisan(16): Illuminate\\Foundation\\Application->handleCommand()
#5 {main}
"} 
[2025-08-01 03:21:52] local.ERROR: Invalid preset. {"exception":"[object] (InvalidArgumentException(code: 0): Invalid preset. at /home/aldebaran/Project/Laravel-Project/Project-002/Belajar04_Laravel/vendor/laravel/ui/src/UiCommand.php:43)
[stacktrace]
#0 /home/aldebaran/Project/Laravel-Project/Project-002/Belajar04_Laravel/vendor/laravel/framework/src/Illuminate/Container/BoundMethod.php(36): Laravel\\Ui\\UiCommand->handle()
#1 /home/aldebaran/Project/Laravel-Project/Project-002/Belajar04_Laravel/vendor/laravel/framework/src/Illuminate/Container/Util.php(43): Illuminate\\Container\\BoundMethod::Illuminate\\Container\\{closure}()
#2 /home/aldebaran/Project/Laravel-Project/Project-002/Belajar04_Laravel/vendor/laravel/framework/src/Illuminate/Container/BoundMethod.php(96): Illuminate\\Container\\Util::unwrapIfClosure()
#3 /home/aldebaran/Project/Laravel-Project/Project-002/Belajar04_Laravel/vendor/laravel/framework/src/Illuminate/Container/BoundMethod.php(35): Illuminate\\Container\\BoundMethod::callBoundMethod()
#4 /home/aldebaran/Project/Laravel-Project/Project-002/Belajar04_Laravel/vendor/laravel/framework/src/Illuminate/Container/Container.php(780): Illuminate\\Container\\BoundMethod::call()
#5 /home/aldebaran/Project/Laravel-Project/Project-002/Belajar04_Laravel/vendor/laravel/framework/src/Illuminate/Console/Command.php(211): Illuminate\\Container\\Container->call()
#6 /home/aldebaran/Project/Laravel-Project/Project-002/Belajar04_Laravel/vendor/symfony/console/Command/Command.php(318): Illuminate\\Console\\Command->execute()
#7 /home/aldebaran/Project/Laravel-Project/Project-002/Belajar04_Laravel/vendor/laravel/framework/src/Illuminate/Console/Command.php(180): Symfony\\Component\\Console\\Command\\Command->run()
#8 /home/aldebaran/Project/Laravel-Project/Project-002/Belajar04_Laravel/vendor/symfony/console/Application.php(1092): Illuminate\\Console\\Command->run()
#9 /home/aldebaran/Project/Laravel-Project/Project-002/Belajar04_Laravel/vendor/symfony/console/Application.php(341): Symfony\\Component\\Console\\Application->doRunCommand()
#10 /home/aldebaran/Project/Laravel-Project/Project-002/Belajar04_Laravel/vendor/symfony/console/Application.php(192): Symfony\\Component\\Console\\Application->doRun()
#11 /home/aldebaran/Project/Laravel-Project/Project-002/Belajar04_Laravel/vendor/laravel/framework/src/Illuminate/Foundation/Console/Kernel.php(197): Symfony\\Component\\Console\\Application->run()
#12 /home/aldebaran/Project/Laravel-Project/Project-002/Belajar04_Laravel/vendor/laravel/framework/src/Illuminate/Foundation/Application.php(1234): Illuminate\\Foundation\\Console\\Kernel->handle()
#13 /home/aldebaran/Project/Laravel-Project/Project-002/Belajar04_Laravel/artisan(16): Illuminate\\Foundation\\Application->handleCommand()
#14 {main}
"} 
